{"level":"info","message":"Log level: debug","timestamp":"2025-12-31T00:02:39.976Z","context":"Server"}
{"level":"info","message":"Server running on port 5000","timestamp":"2025-12-31T00:02:39.972Z","context":"Server"}
{"level":"info","message":"Environment: development","timestamp":"2025-12-31T00:02:39.975Z","context":"Server"}
{"level":"error","message":"GET /api/stocks/intraday/AAPL?interval=60min 500 - 685ms - ::1","timestamp":"2025-12-31T00:04:43.663Z","context":"HTTP"}
{"level":"info","message":"Server running on port 5000","timestamp":"2025-12-31T00:09:23.244Z","context":"Server"}
{"level":"info","message":"Environment: development","timestamp":"2025-12-31T00:09:23.247Z","context":"Server"}
{"level":"info","message":"Log level: debug","timestamp":"2025-12-31T00:09:23.247Z","context":"Server"}
{"level":"error","message":"GET /api/stocks/intraday/TSLA?interval=60min 500 - 650ms - ::1","timestamp":"2025-12-31T00:10:26.630Z","context":"HTTP"}
{"level":"info","message":"Server running on port 5000","timestamp":"2025-12-31T00:15:13.628Z","context":"Server"}
{"level":"info","message":"Environment: development","timestamp":"2025-12-31T00:15:13.632Z","context":"Server"}
{"level":"info","message":"Log level: debug","timestamp":"2025-12-31T00:15:13.633Z","context":"Server"}
{"level":"error","message":"GET /api/stocks/intraday/AAPL?interval=60min 500 - 9960ms - ::1","timestamp":"2025-12-31T00:20:58.948Z","context":"HTTP"}
{"level":"error","message":"GET /api/stocks/intraday/TSLA?interval=60min 500 - 552ms - ::1","timestamp":"2025-12-31T00:37:57.557Z","context":"HTTP"}
{"level":"error","message":"GET /api/stocks/intraday/AAPL?interval=60min 500 - 452ms - ::1","timestamp":"2025-12-31T00:39:10.449Z","context":"HTTP"}
{"level":"info","message":"GET /api/crypto/history/binancecoin?vs_currency=usd&days=30 200 - 618ms - ::1","timestamp":"2025-12-31T00:45:14.629Z","context":"HTTP"}
{"level":"info","message":"GET /api/crypto/history/solana?vs_currency=usd&days=7 200 - 555ms - ::1","timestamp":"2025-12-31T00:45:33.559Z","context":"HTTP"}
{"level":"info","message":"GET /api/crypto/history/binancecoin?vs_currency=usd&days=7 200 - 505ms - ::1","timestamp":"2025-12-31T00:47:29.506Z","context":"HTTP"}
{"level":"info","message":"GET /api/crypto/history/dogecoin?vs_currency=usd&days=7 200 - 514ms - ::1","timestamp":"2025-12-31T00:50:56.481Z","context":"HTTP"}
{"level":"error","message":"GET /api/stocks/intraday/AAPL?interval=60min 500 - 523ms - ::1","timestamp":"2025-12-31T00:54:21.503Z","context":"HTTP"}
{"level":"info","message":"GET /api/crypto/history/ripple?vs_currency=usd&days=7 200 - 669ms - ::1","timestamp":"2025-12-31T00:56:34.645Z","context":"HTTP"}
{"level":"info","message":"GET /api/crypto/history/ethereum?vs_currency=usd&days=90 200 - 1015ms - ::1","timestamp":"2025-12-31T00:57:02.007Z","context":"HTTP"}
{"level":"error","message":"GET /api/stocks/intraday/TSLA?interval=60min 500 - 442ms - ::1","timestamp":"2025-12-31T00:57:03.406Z","context":"HTTP"}
{"level":"info","message":"GET /api/crypto/history/bitcoin?vs_currency=usd&days=30 200 - 472ms - ::1","timestamp":"2025-12-31T01:00:12.451Z","context":"HTTP"}
{"level":"info","message":"GET /api/crypto/history/solana?vs_currency=usd&days=90 200 - 821ms - ::1","timestamp":"2025-12-31T01:01:06.802Z","context":"HTTP"}
{"level":"info","message":"GET /api/crypto/history/cardano?vs_currency=usd&days=7 200 - 539ms - ::1","timestamp":"2025-12-31T01:04:08.527Z","context":"HTTP"}
{"level":"error","message":"GET /api/stocks/intraday/AAPL?interval=60min 500 - 572ms - ::1","timestamp":"2025-12-31T01:05:17.546Z","context":"HTTP"}
{"level":"info","message":"GET /api/crypto/history/polkadot?vs_currency=usd&days=7 200 - 506ms - ::1","timestamp":"2025-12-31T01:06:24.494Z","context":"HTTP"}
{"level":"error","message":"GET /api/stocks/intraday/TSLA?interval=60min 500 - 546ms - ::1","timestamp":"2025-12-31T01:11:44.527Z","context":"HTTP"}
{"level":"error","message":"GET /api/stocks/intraday/AAPL?interval=60min 500 - 538ms - ::1","timestamp":"2025-12-31T01:24:38.506Z","context":"HTTP"}
{"level":"error","message":"GET /api/stocks/intraday/TSLA?interval=60min 500 - 544ms - ::1","timestamp":"2025-12-31T01:31:30.515Z","context":"HTTP"}
{"level":"error","message":"GET /api/stocks/intraday/AAPL?interval=60min 500 - 602ms - ::1","timestamp":"2025-12-31T01:49:19.513Z","context":"HTTP"}
{"level":"error","message":"GET /api/stocks/intraday/TSLA?interval=60min 500 - 833ms - ::1","timestamp":"2025-12-31T01:56:11.737Z","context":"HTTP"}
{"level":"error","message":"GET /api/stocks/intraday/TSLA?interval=60min 500 - 569ms - ::1","timestamp":"2025-12-31T02:15:32.461Z","context":"HTTP"}
{"level":"error","message":"GET /api/stocks/intraday/AAPL?interval=60min 500 - 443ms - ::1","timestamp":"2025-12-31T02:15:45.333Z","context":"HTTP"}
{"level":"error","message":"GET /api/stocks/intraday/AAPL?interval=60min 500 - 556ms - ::1","timestamp":"2025-12-31T02:27:31.353Z","context":"HTTP"}
{"level":"error","message":"GET /api/stocks/intraday/TSLA?interval=60min 500 - 5049ms - ::1","timestamp":"2025-12-31T02:42:02.839Z","context":"HTTP"}
{"level":"error","message":"GET /api/stocks/intraday/TSLA?interval=60min 500 - 7306ms - ::1","timestamp":"2025-12-31T02:54:06.107Z","context":"HTTP"}
{"level":"error","message":"GET /api/stocks/intraday/AAPL?interval=60min 500 - 470ms - ::1","timestamp":"2025-12-31T02:58:22.289Z","context":"HTTP"}
{"level":"error","message":"GET /api/stocks/intraday/TSLA?interval=60min 500 - 556ms - ::1","timestamp":"2025-12-31T03:06:12.370Z","context":"HTTP"}
{"level":"error","message":"GET /api/stocks/intraday/AAPL?interval=60min 500 - 545ms - ::1","timestamp":"2025-12-31T07:15:42.848Z","context":"HTTP"}
{"level":"error","message":"GET /api/stocks/intraday/AAPL?interval=60min 500 - 667ms - ::1","timestamp":"2025-12-31T07:30:03.981Z","context":"HTTP"}
{"level":"error","message":"GET /api/stocks/intraday/TSLA?interval=60min 500 - 1051ms - ::1","timestamp":"2025-12-31T07:30:08.326Z","context":"HTTP"}
{"level":"info","message":"Server running on port 5000","timestamp":"2025-12-31T07:37:47.054Z","context":"Server"}
{"level":"info","message":"Log level: debug","timestamp":"2025-12-31T07:37:47.058Z","context":"Server"}
{"level":"info","message":"Environment: development","timestamp":"2025-12-31T07:37:47.057Z","context":"Server"}
{"level":"error","message":"GET /api/stocks/intraday/TSLA?interval=60min 500 - 1070ms - ::1","timestamp":"2025-12-31T07:41:20.385Z","context":"HTTP"}
{"level":"error","message":"GET /api/stocks/intraday/TSLA?interval=60min 500 - 1806ms - ::1","timestamp":"2025-12-31T07:54:38.098Z","context":"HTTP"}
